<?xml version="1.0" encoding="UTF-8"?>
<!-- Generated by org.testng.reporters.JUnitReportReporter -->
<testsuite skipped="0" hostname="DESKTOP-UO9FLGA" name="uk.co.cristalski.core.BaseClass" tests="1" failures="0" timestamp="2020-03-11T15:41:04 IST" time="19.835" errors="0">
  <testcase name="navigateToTheApplication" time="19.835" classname="uk.co.cristalski.core.BaseClass"/>
</testsuite> <!-- uk.co.cristalski.core.BaseClass -->
